{
  "stats": {
    "suites": 1,
    "tests": 1,
    "passes": 1,
    "pending": 0,
    "failures": 0,
    "start": "2023-06-03T14:31:26.489Z",
    "end": "2023-06-03T14:31:28.518Z",
    "duration": 2029,
    "testsRegistered": 1,
    "passPercent": 100,
    "pendingPercent": 0,
    "other": 0,
    "hasOther": false,
    "skipped": 0,
    "hasSkipped": false
  },
  "results": [
    {
      "uuid": "b4c8eb28-f926-40e3-9519-6166d02608f2",
      "title": "",
      "fullFile": "cypress/integration/examples/alerts.spec.js",
      "file": "cypress/integration/examples/alerts.spec.js",
      "beforeHooks": [],
      "afterHooks": [],
      "tests": [],
      "suites": [
        {
          "uuid": "3d791cab-2013-45aa-b051-a3fcc8a8cd49",
          "title": "Alert Page",
          "fullFile": "",
          "file": "",
          "beforeHooks": [],
          "afterHooks": [],
          "tests": [
            {
              "title": "validates the warning alert and result message",
              "fullTitle": "Alert Page validates the warning alert and result message",
              "timedOut": null,
              "duration": 1145,
              "state": "passed",
              "speed": "fast",
              "pass": true,
              "fail": false,
              "pending": false,
              "context": null,
              "code": "alertPage.clickWarningAlertButton();\nalertPage.validateAlertText(_enums.AlertTexts.WARNING);\nalertPage.clickAlertOkButton();\nalertPage.validateActionMessage(_enums.AlertTexts.ACTION_MESSAGE);",
              "err": {},
              "uuid": "fe6580d0-fcb5-4bd6-9a91-88a1ca517fd3",
              "parentUUID": "3d791cab-2013-45aa-b051-a3fcc8a8cd49",
              "isHook": false,
              "skipped": false
            }
          ],
          "suites": [],
          "passes": [
            "fe6580d0-fcb5-4bd6-9a91-88a1ca517fd3"
          ],
          "failures": [],
          "pending": [],
          "skipped": [],
          "duration": 1145,
          "root": false,
          "rootEmpty": false,
          "_timeout": 2000
        }
      ],
      "passes": [],
      "failures": [],
      "pending": [],
      "skipped": [],
      "duration": 0,
      "root": true,
      "rootEmpty": true,
      "_timeout": 2000
    }
  ],
  "meta": {
    "mocha": {
      "version": "7.0.1"
    },
    "mochawesome": {
      "options": {
        "quiet": false,
        "reportFilename": "mochawesome",
        "saveHtml": false,
        "saveJson": true,
        "consoleReporter": "spec",
        "useInlineDiffs": false,
        "code": true
      },
      "version": "7.1.3"
    },
    "marge": {
      "options": {
        "reportDir": "cypress/reports/.jsons",
        "charts": true,
        "reportPageTitle": "custom-title",
        "embeddedScreenshots": true,
        "inlineAssets": true,
        "saveAllAttempts": false,
        "overwrite": false,
        "html": false,
        "json": true
      },
      "version": "6.2.0"
    }
  }
}