{
  "stats": {
    "suites": 1,
    "tests": 1,
    "passes": 1,
    "pending": 1,
    "failures": -1,
    "start": "2023-05-12T20:16:59.601Z",
    "end": "2023-05-12T20:17:05.180Z",
    "duration": 5579,
    "testsRegistered": 2,
    "passPercent": 100,
    "pendingPercent": 50,
    "other": 1,
    "hasOther": true,
    "skipped": 0,
    "hasSkipped": false
  },
  "results": [
    {
      "uuid": "ee215c42-c8b7-436a-b6e5-b7d99a320ef1",
      "title": "",
      "fullFile": "cypress/integration/examples/pagination.spec.js",
      "file": "cypress/integration/examples/pagination.spec.js",
      "beforeHooks": [],
      "afterHooks": [],
      "tests": [],
      "suites": [
        {
          "uuid": "5914a459-0dd6-41d4-9598-e5e54a57dd99",
          "title": "Validate the main content of the Pagination Page",
          "fullFile": "",
          "file": "",
          "beforeHooks": [],
          "afterHooks": [],
          "tests": [
            {
              "title": "Navigates to the Pagination page and validates its content",
              "fullTitle": "Validate the main content of the Pagination Page Navigates to the Pagination page and validates its content",
              "timedOut": null,
              "duration": 0,
              "state": "pending",
              "speed": null,
              "pass": false,
              "fail": false,
              "pending": true,
              "context": null,
              "code": "cy.url().should('eq', 'https://techglobal-training.com/frontend/pagination');\npaginationPage.mainHeading().should('have.text', 'Pagination');\npaginationPage.subHeading().should('have.text', 'World City Populations 2022');\npaginationPage.content().should('be.visible');",
              "err": {},
              "uuid": "462cc6d1-4e7e-435b-8cbf-46b6a96a684d",
              "parentUUID": "5914a459-0dd6-41d4-9598-e5e54a57dd99",
              "isHook": false,
              "skipped": false
            },
            {
              "title": "Validates the Pagination Page Next/Previous buttons",
              "fullTitle": "Validate the main content of the Pagination Page Validates the Pagination Page Next/Previous buttons",
              "timedOut": null,
              "duration": 3721,
              "state": "passed",
              "speed": "fast",
              "pass": true,
              "fail": false,
              "pending": false,
              "context": null,
              "code": "cy.url().should('eq', 'https://techglobal-training.com/frontend/pagination');\npaginationPage.previousButton().should('be.disabled');\npaginationPage.nextButton().should('be.enabled');\npaginationPage.nextButton().click();\npaginationPage.previousButton().should('be.enabled');\npaginationPage.clickNextButtonTillDisabled();\npaginationPage.previousButton().should('be.enabled');\npaginationPage.nextButton().should('be.disabled');",
              "err": {},
              "uuid": "33286e5a-5925-4bde-af83-a794a1e64fe2",
              "parentUUID": "5914a459-0dd6-41d4-9598-e5e54a57dd99",
              "isHook": false,
              "skipped": false
            }
          ],
          "suites": [],
          "passes": [
            "33286e5a-5925-4bde-af83-a794a1e64fe2"
          ],
          "failures": [],
          "pending": [
            "462cc6d1-4e7e-435b-8cbf-46b6a96a684d"
          ],
          "skipped": [],
          "duration": 3721,
          "root": false,
          "rootEmpty": false,
          "_timeout": 2000
        }
      ],
      "passes": [],
      "failures": [],
      "pending": [],
      "skipped": [],
      "duration": 0,
      "root": true,
      "rootEmpty": true,
      "_timeout": 2000
    }
  ],
  "meta": {
    "mocha": {
      "version": "7.0.1"
    },
    "mochawesome": {
      "options": {
        "quiet": false,
        "reportFilename": "mochawesome",
        "saveHtml": true,
        "saveJson": true,
        "consoleReporter": "spec",
        "useInlineDiffs": false,
        "code": true
      },
      "version": "7.1.3"
    },
    "marge": {
      "options": null,
      "version": "6.2.0"
    }
  }
}